<?xml version="1.0" encoding="UTF-8" ?>
<testsuite tests="8" failures="0" name="AuthorServiceTest" time="0.403" errors="0" skipped="0">
  <properties>
[...]
</properties>
  <testcase classname="AuthorServiceTest" name="getLibraryById" time="0.357"/>
  <testcase classname="AuthorServiceTest" name="findById" time="0.024"/>
  <testcase classname="AuthorServiceTest" name="getByFullName" time="0.001"/>
  <testcase classname="AuthorServiceTest" name="addAuthor" time="0"/>
  <testcase classname="AuthorServiceTest" name="updateById" time="0.001"/>
  <testcase classname="AuthorServiceTest" name="getAllAuthors" time="0.001"/>
  <testcase classname="AuthorServiceTest" name="deleteById" time="0.001"/>
  <testcase classname="AuthorServiceTest" name="getBooksById" time="0.018"/>
</testsuite>